<?xml version="1.0" encoding="UTF-8"?>
<!-- Generated by org.testng.reporters.JUnitReportReporter -->
<testsuite hostname="LAPTOP-QAEMBCUV" name="TestNGPractice" tests="1" failures="0" timestamp="7 Oct 2020 18:54:07 GMT" time="0.082" errors="0">
  <testcase name="webTableTesting" time="0.082" classname="TestNGPractice"/>
</testsuite> <!-- TestNGPractice -->
