<?xml version="1.0" encoding="UTF-8"?>
<!-- Generated by org.testng.reporters.JUnitReportReporter -->
<testsuite skipped="0" hostname="LAPTOP-QAEMBCUV" name="TestNGPractice" tests="1" failures="0" timestamp="2019-10-23T13:19:38 EDT" time="0.422" errors="0">
  <testcase name="TestNGTester" time="0.422" classname="TestNGPractice"/>
</testsuite> <!-- TestNGPractice -->
