<?xml version="1.0" encoding="UTF-8"?>
<!-- Generated by org.testng.reporters.JUnitReportReporter -->
<testsuite hostname="LAPTOP-QAEMBCUV" name="TestNGPractice" tests="1" failures="0" timestamp="23 Oct 2020 04:35:48 GMT" time="6.560" errors="0">
  <testcase name="mouseOverActions" time="6.560" classname="TestNGPractice"/>
</testsuite> <!-- TestNGPractice -->
